::1 - - [08/Jun/2020:13:51:06 +0000] "GET /api/v1/categories/ HTTP/1.1" 200 67 "-" "PostmanRuntime/7.25.0"
::1 - - [08/Jun/2020:13:51:30 +0000] "PUT /api/v1/categories/ HTTP/1.1" 404 157 "-" "PostmanRuntime/7.25.0"
::1 - - [08/Jun/2020:13:51:35 +0000] "PUT /api/v1/categories/423 HTTP/1.1" 200 79 "-" "PostmanRuntime/7.25.0"
::1 - - [08/Jun/2020:14:02:11 +0000] "GET /api/v1/categories HTTP/1.1" 200 67 "-" "PostmanRuntime/7.25.0"
::1 - - [08/Jun/2020:14:02:23 +0000] "GET /api/v1/categories HTTP/1.1" 200 67 "-" "PostmanRuntime/7.25.0"
::1 - - [08/Jun/2020:14:04:51 +0000] "GET /api/v1/categories/12 HTTP/1.1" 200 91 "-" "PostmanRuntime/7.25.0"
::1 - - [08/Jun/2020:14:05:59 +0000] "POST /api/v1/categories/12 HTTP/1.1" 404 160 "-" "PostmanRuntime/7.25.0"
::1 - - [08/Jun/2020:14:06:08 +0000] "POST /api/v1/categories/ HTTP/1.1" 200 68 "-" "PostmanRuntime/7.25.0"
::1 - - [08/Jun/2020:14:07:07 +0000] "PUT /api/v1/categories/1 HTTP/1.1" 200 77 "-" "PostmanRuntime/7.25.0"
::1 - - [08/Jun/2020:14:07:50 +0000] "GET /api/v1/categories/12 HTTP/1.1" 200 91 "-" "PostmanRuntime/7.25.0"
::1 - - [08/Jun/2020:14:07:54 +0000] "POST /api/v1/categories/ HTTP/1.1" 200 68 "-" "PostmanRuntime/7.25.0"
::1 - - [08/Jun/2020:14:08:04 +0000] "GET /api/v1/categories HTTP/1.1" 200 67 "-" "PostmanRuntime/7.25.0"
::1 - - [08/Jun/2020:14:13:59 +0000] "DELETE /api/v1/categories/1 HTTP/1.1" 200 77 "-" "PostmanRuntime/7.25.0"
::1 - - [08/Jun/2020:14:14:17 +0000] "DELETE /api/v1/categories/13 HTTP/1.1" 200 78 "-" "PostmanRuntime/7.25.0"
::1 - - [08/Jun/2020:14:15:48 +0000] "PUT /api/v1/categories/1 HTTP/1.1" 200 77 "-" "PostmanRuntime/7.25.0"
::1 - - [09/Jun/2020:01:43:49 +0000] "POST /api/v1/categories/ HTTP/1.1" 200 68 "-" "PostmanRuntime/7.25.0"
::1 - - [09/Jun/2020:01:47:46 +0000] "POST /api/v1/categories/ HTTP/1.1" 200 68 "-" "PostmanRuntime/7.25.0"
::1 - - [09/Jun/2020:01:52:23 +0000] "POST /api/v1/categories/ HTTP/1.1" 200 68 "-" "PostmanRuntime/7.25.0"
::1 - - [09/Jun/2020:01:56:36 +0000] "POST /api/v1/categories/ HTTP/1.1" 400 416 "-" "PostmanRuntime/7.25.0"
::1 - - [09/Jun/2020:01:58:08 +0000] "POST /api/v1/categories/ HTTP/1.1" 200 267 "-" "PostmanRuntime/7.25.0"
::1 - - [09/Jun/2020:02:05:38 +0000] "GET /api/v1/categories HTTP/1.1" 200 269 "-" "PostmanRuntime/7.25.0"
::1 - - [09/Jun/2020:02:06:23 +0000] "GET /api/v1/categories/5edeecb0fb434e6fa0f85498 HTTP/1.1" 200 113 "-" "PostmanRuntime/7.25.0"
::1 - - [09/Jun/2020:02:08:28 +0000] "GET /api/v1/categories/5edeecb0fb434e6fa0f85498 HTTP/1.1" 200 267 "-" "PostmanRuntime/7.25.0"
::1 - - [09/Jun/2020:02:08:49 +0000] "GET /api/v1/categories/5edeecb0fb434e6fa0f85494 HTTP/1.1" 200 28 "-" "PostmanRuntime/7.25.0"
::1 - - [09/Jun/2020:02:12:57 +0000] "GET /api/v1/categories/5edeecb0fb434e6fa0f85494 HTTP/1.1" 400 114 "-" "PostmanRuntime/7.25.0"
::1 - - [09/Jun/2020:02:13:18 +0000] "GET /api/v1/categories/5edeecb0fb434e6fa0f85498 HTTP/1.1" 200 267 "-" "PostmanRuntime/7.25.0"
::1 - - [09/Jun/2020:02:14:28 +0000] "GET /api/v1/categories/5edeecb0fb434e6fa0f85494 HTTP/1.1" 400 105 "-" "PostmanRuntime/7.25.0"
::1 - - [09/Jun/2020:02:14:42 +0000] "GET /api/v1/categories/5edeecb0fb434e6fa0f85498 HTTP/1.1" 200 267 "-" "PostmanRuntime/7.25.0"
::1 - - [09/Jun/2020:02:20:02 +0000] "POST /api/v1/categories/ HTTP/1.1" 200 275 "-" "PostmanRuntime/7.25.0"
::1 - - [09/Jun/2020:02:20:06 +0000] "GET /api/v1/categories HTTP/1.1" 200 521 "-" "PostmanRuntime/7.25.0"
::1 - - [09/Jun/2020:02:20:19 +0000] "DELETE /api/v1/categories/5edef1d2afbd3c22502e9ee6 HTTP/1.1" 200 275 "-" "PostmanRuntime/7.25.0"
::1 - - [09/Jun/2020:02:21:16 +0000] "POST /api/v1/categories/ HTTP/1.1" 200 263 "-" "PostmanRuntime/7.25.0"
::1 - - [09/Jun/2020:02:21:50 +0000] "POST /api/v1/categories/ HTTP/1.1" 200 270 "-" "PostmanRuntime/7.25.0"
::1 - - [09/Jun/2020:02:21:56 +0000] "POST /api/v1/categories/ HTTP/1.1" 400 157 "-" "PostmanRuntime/7.25.0"
::1 - - [09/Jun/2020:02:22:05 +0000] "GET /api/v1/categories HTTP/1.1" 200 756 "-" "PostmanRuntime/7.25.0"
::1 - - [09/Jun/2020:02:22:16 +0000] "GET /api/v1/categories HTTP/1.1" 200 756 "-" "PostmanRuntime/7.25.0"
::1 - - [09/Jun/2020:02:22:27 +0000] "GET /api/v1/categories HTTP/1.1" 200 756 "-" "PostmanRuntime/7.25.0"
::1 - - [09/Jun/2020:02:26:23 +0000] "PUT /api/v1/categories/1 HTTP/1.1" 400 104 "-" "PostmanRuntime/7.25.0"
::1 - - [09/Jun/2020:02:26:48 +0000] "PUT /api/v1/categories/1 HTTP/1.1" 400 104 "-" "PostmanRuntime/7.25.0"
::1 - - [09/Jun/2020:02:27:01 +0000] "PUT /api/v1/categories/5edef21cafbd3c22502e9ee7 HTTP/1.1" 200 263 "-" "PostmanRuntime/7.25.0"
::1 - - [09/Jun/2020:02:28:57 +0000] "PUT /api/v1/categories/5edef21cafbd3c22502e9ee7 HTTP/1.1" 200 263 "-" "PostmanRuntime/7.25.0"
::1 - - [09/Jun/2020:02:29:18 +0000] "GET /api/v1/categories HTTP/1.1" 200 756 "-" "PostmanRuntime/7.25.0"
::1 - - [09/Jun/2020:02:29:39 +0000] "PUT /api/v1/categories/5edef21cafbd3c22502e9ee7 HTTP/1.1" 200 263 "-" "PostmanRuntime/7.25.0"
::1 - - [09/Jun/2020:02:31:04 +0000] "PUT /api/v1/categories/5edef21cafbd3c22502e9ee7 HTTP/1.1" 200 249 "-" "PostmanRuntime/7.25.0"
::1 - - [09/Jun/2020:02:31:12 +0000] "GET /api/v1/categories HTTP/1.1" 200 742 "-" "PostmanRuntime/7.25.0"
::1 - - [09/Jun/2020:02:36:23 +0000] "POST /api/v1/categories/ HTTP/1.1" 200 253 "-" "PostmanRuntime/7.25.0"
::1 - - [09/Jun/2020:02:36:37 +0000] "GET /api/v1/categories HTTP/1.1" 200 972 "-" "PostmanRuntime/7.25.0"
::1 - - [09/Jun/2020:02:55:08 +0000] "GET /api/v1/categories/5edeecb0fb434e6fa0f85498 HTTP/1.1" 200 267 "-" "PostmanRuntime/7.25.0"
::1 - - [09/Jun/2020:02:55:20 +0000] "GET /api/v1/categories/5edeecb0fb434e6fa0f85491 HTTP/1.1" 400 105 "-" "PostmanRuntime/7.25.0"
::1 - - [09/Jun/2020:02:56:09 +0000] "GET /api/v1/categories/5edeecb0fb434e6fa0f85491yui HTTP/1.1" 500 1091 "-" "PostmanRuntime/7.25.0"
::1 - - [09/Jun/2020:02:59:00 +0000] "GET /api/v1/categories/5edeecb0fb434e6fa0f85491yui HTTP/1.1" 500 1091 "-" "PostmanRuntime/7.25.0"
::1 - - [09/Jun/2020:03:01:11 +0000] "GET /api/v1/categories/5edeecb0fb434e6fa0f85491yui HTTP/1.1" 500 1091 "-" "PostmanRuntime/7.25.0"
::1 - - [09/Jun/2020:03:01:45 +0000] "GET /api/v1/categories/5edeecb0fb434e6fa0f85498 HTTP/1.1" 200 267 "-" "PostmanRuntime/7.25.0"
::1 - - [09/Jun/2020:03:23:06 +0000] "GET /api/v1/categories/5edeecb0fb434e6fa0f8549a HTTP/1.1" 400 17 "-" "PostmanRuntime/7.25.0"
::1 - - [09/Jun/2020:03:23:21 +0000] "GET /api/v1/categories/5edeecb0fb434e6fa0f8549ahtr HTTP/1.1" 500 17 "-" "PostmanRuntime/7.25.0"
::1 - - [09/Jun/2020:03:24:25 +0000] "GET /api/v1/categories/5edeecb0fb434e6fa0f8549a HTTP/1.1" 400 17 "-" "PostmanRuntime/7.25.0"
::1 - - [09/Jun/2020:03:25:55 +0000] "GET /api/v1/categories/5edeecb0fb434e6fa0f85498 HTTP/1.1" 200 267 "-" "PostmanRuntime/7.25.0"
::1 - - [09/Jun/2020:03:26:09 +0000] "GET /api/v1/categories/5edeecb0fb434e6fa0f85492 HTTP/1.1" 400 17 "-" "PostmanRuntime/7.25.0"
::1 - - [09/Jun/2020:03:27:20 +0000] "GET /api/v1/categories/5edeecb0fb434e6fa0f85492 HTTP/1.1" 400 17 "-" "PostmanRuntime/7.25.0"
::1 - - [09/Jun/2020:03:30:37 +0000] "GET /api/v1/categories/5edeecb0fb434e6fa0f85492 HTTP/1.1" 400 105 "-" "PostmanRuntime/7.25.0"
::1 - - [09/Jun/2020:03:31:48 +0000] "GET /api/v1/categories/5edeecb0fb434e6fa0f85492 HTTP/1.1" 400 116 "-" "PostmanRuntime/7.25.0"
::1 - - [09/Jun/2020:03:40:08 +0000] "GET /api/v1/categories/5edeecb0fb434e6fa0f85492 HTTP/1.1" 400 106 "-" "PostmanRuntime/7.25.0"
::1 - - [09/Jun/2020:03:42:17 +0000] "GET /api/v1/categories/5edeecb0fb434e6fa0f85492 HTTP/1.1" 400 106 "-" "PostmanRuntime/7.25.0"
::1 - - [09/Jun/2020:03:42:34 +0000] "GET /api/v1/categories HTTP/1.1" 200 972 "-" "PostmanRuntime/7.25.0"
::1 - - [09/Jun/2020:03:42:38 +0000] "GET /api/v1/categories/5edeecb0fb434e6fa0f85492 HTTP/1.1" 400 106 "-" "PostmanRuntime/7.25.0"
::1 - - [09/Jun/2020:03:42:42 +0000] "POST /api/v1/categories/ HTTP/1.1" 500 173 "-" "PostmanRuntime/7.25.0"
::1 - - [09/Jun/2020:03:42:55 +0000] "PUT /api/v1/categories/5edef21cafbd3c22502e9ee7 HTTP/1.1" 200 249 "-" "PostmanRuntime/7.25.0"
::1 - - [09/Jun/2020:03:43:03 +0000] "DELETE /api/v1/categories/5edef1d2afbd3c22502e9ee6 HTTP/1.1" 400 116 "-" "PostmanRuntime/7.25.0"
::1 - - [09/Jun/2020:03:45:57 +0000] "GET /api/v1/categories/5edeecb0fb434e6fa0f85492 HTTP/1.1" 400 106 "-" "PostmanRuntime/7.25.0"
::1 - - [09/Jun/2020:23:38:12 +0000] "POST /api/v1/categories/ HTTP/1.1" 500 272 "-" "PostmanRuntime/7.25.0"
::1 - - [10/Jun/2020:03:13:03 +0000] "GET /api/v1/categories HTTP/1.1" 200 972 "-" "PostmanRuntime/7.25.0"
::1 - - [10/Jun/2020:03:31:37 +0000] "GET /api/v1/categories HTTP/1.1" 200 26 "-" "PostmanRuntime/7.25.0"
::1 - - [10/Jun/2020:03:32:01 +0000] "GET /api/v1/categories HTTP/1.1" 200 972 "-" "PostmanRuntime/7.25.0"
::1 - - [10/Jun/2020:03:51:07 +0000] "GET /api/v1/categories HTTP/1.1" 200 26 "-" "PostmanRuntime/7.25.0"
::1 - - [10/Jun/2020:03:51:12 +0000] "GET /api/v1/categories HTTP/1.1" 200 1077 "-" "PostmanRuntime/7.25.0"
::1 - - [17/Jun/2020:11:47:10 +0000] "GET / HTTP/1.1" 404 139 "-" "Mozilla/5.0 (Windows NT 10.0; Win64; x64) AppleWebKit/537.36 (KHTML, like Gecko) Chrome/83.0.4103.97 Safari/537.36"
::1 - - [17/Jun/2020:11:47:12 +0000] "GET / HTTP/1.1" 404 139 "-" "Mozilla/5.0 (Windows NT 10.0; Win64; x64) AppleWebKit/537.36 (KHTML, like Gecko) Chrome/83.0.4103.97 Safari/537.36"
::1 - - [17/Jun/2020:11:47:37 +0000] "GET / HTTP/1.1" 404 139 "-" "Mozilla/5.0 (Windows NT 10.0; Win64; x64) AppleWebKit/537.36 (KHTML, like Gecko) Chrome/83.0.4103.97 Safari/537.36"
::1 - - [17/Jun/2020:11:47:37 +0000] "GET / HTTP/1.1" 404 139 "-" "Mozilla/5.0 (Windows NT 10.0; Win64; x64) AppleWebKit/537.36 (KHTML, like Gecko) Chrome/83.0.4103.97 Safari/537.36"
::1 - - [17/Jun/2020:11:54:56 +0000] "GET /api/v1/categories HTTP/1.1" 200 1077 "-" "PostmanRuntime/7.25.0"
::1 - - [18/Jun/2020:01:30:12 +0000] "GET /api/v1/categories HTTP/1.1" 200 1769 "-" "PostmanRuntime/7.25.0"
::1 - - [18/Jun/2020:01:35:40 +0000] "GET /api/v1/categories?name=bizness HTTP/1.1" 200 26 "-" "PostmanRuntime/7.25.0"
::1 - - [18/Jun/2020:01:35:51 +0000] "GET /api/v1/categories?name=%D0%B1%D0%B8%D0%B7%D0%BD%D0%B5%D1%81 HTTP/1.1" 200 26 "-" "PostmanRuntime/7.25.0"
::1 - - [18/Jun/2020:01:36:46 +0000] "GET /api/v1/categories?averagePrice[$gte]=40000 HTTP/1.1" 200 26 "-" "PostmanRuntime/7.25.0"
::1 - - [18/Jun/2020:01:37:07 +0000] "GET /api/v1/categories?averagePrice[$gte]=40000 HTTP/1.1" 200 26 "-" "PostmanRuntime/7.25.0"
::1 - - [18/Jun/2020:01:37:13 +0000] "GET /api/v1/categories HTTP/1.1" 200 1769 "-" "PostmanRuntime/7.25.0"
::1 - - [18/Jun/2020:01:37:54 +0000] "GET /api/v1/categories?averagePrice[$gte]=10000 HTTP/1.1" 200 628 "-" "PostmanRuntime/7.25.0"
::1 - - [18/Jun/2020:01:38:36 +0000] "GET /api/v1/categories?averagePrice[$gte]=10000 HTTP/1.1" 200 628 "-" "PostmanRuntime/7.25.0"
::1 - - [18/Jun/2020:01:39:50 +0000] "GET /api/v1/categories?averagePrice[$gte]=10000&averageRating[$gte]=6 HTTP/1.1" 200 329 "-" "PostmanRuntime/7.25.0"
::1 - - [18/Jun/2020:03:37:05 +0000] "GET /api/v1/books HTTP/1.1" 200 26523 "-" "PostmanRuntime/7.25.0"
::1 - - [18/Jun/2020:03:37:52 +0000] "GET /api/v1/books HTTP/1.1" 200 26534 "-" "PostmanRuntime/7.25.0"
::1 - - [18/Jun/2020:03:39:27 +0000] "GET /api/v1/categories HTTP/1.1" 200 1298 "-" "PostmanRuntime/7.25.0"
::1 - - [18/Jun/2020:03:43:13 +0000] "GET /api/v1/categories/5edeecb0fb434e6fa0f85492/books HTTP/1.1" 200 26534 "-" "PostmanRuntime/7.25.0"
::1 - - [18/Jun/2020:03:44:31 +0000] "GET /api/v1/categories/5edeecb0fb434e6fa0f85492/books HTTP/1.1" 200 36 "-" "PostmanRuntime/7.25.0"
::1 - - [18/Jun/2020:03:44:57 +0000] "GET /api/v1/categories/5edef23eafbd3c22502e9ee8/books HTTP/1.1" 200 7213 "-" "PostmanRuntime/7.25.0"
::1 - - [18/Jun/2020:03:45:48 +0000] "GET /api/v1/categories/5edef5a7ee6eb07650335635/books HTTP/1.1" 200 3201 "-" "PostmanRuntime/7.25.0"
::1 - - [18/Jun/2020:03:51:29 +0000] "GET /api/v1/categories/5edef5a7ee6eb07650335635/books HTTP/1.1" 200 3201 "-" "PostmanRuntime/7.25.0"
::1 - - [18/Jun/2020:06:37:27 +0000] "GET / HTTP/1.1" 404 139 "-" "Mozilla/5.0 (Windows NT 10.0; Win64; x64) AppleWebKit/537.36 (KHTML, like Gecko) Chrome/83.0.4103.97 Safari/537.36"
::1 - - [18/Jun/2020:06:37:30 +0000] "GET / HTTP/1.1" 404 139 "-" "Mozilla/5.0 (Windows NT 10.0; Win64; x64) AppleWebKit/537.36 (KHTML, like Gecko) Chrome/83.0.4103.97 Safari/537.36"
::1 - - [18/Jun/2020:06:37:46 +0000] "GET / HTTP/1.1" 404 139 "-" "Mozilla/5.0 (Windows NT 10.0; Win64; x64) AppleWebKit/537.36 (KHTML, like Gecko) Chrome/83.0.4103.97 Safari/537.36"
::1 - - [18/Jun/2020:06:37:47 +0000] "GET / HTTP/1.1" 404 139 "-" "Mozilla/5.0 (Windows NT 10.0; Win64; x64) AppleWebKit/537.36 (KHTML, like Gecko) Chrome/83.0.4103.97 Safari/537.36"
::1 - - [21/Jun/2020:10:46:25 +0000] "GET /api/v1/books HTTP/1.1" 200 30578 "-" "PostmanRuntime/7.25.0"
::1 - - [21/Jun/2020:10:47:24 +0000] "GET /api/v1/books HTTP/1.1" 200 27500 "-" "PostmanRuntime/7.25.0"
::1 - - [21/Jun/2020:11:06:11 +0000] "GET /api/v1/categories/5edeecb0fb434e6fa0f85498 HTTP/1.1" 400 44 "-" "PostmanRuntime/7.25.0"
::1 - - [21/Jun/2020:11:06:24 +0000] "GET /api/v1/books HTTP/1.1" 200 29011 "-" "PostmanRuntime/7.25.0"
::1 - - [21/Jun/2020:11:06:35 +0000] "GET /api/v1/categories/5edef23eafbd3c22502e9ee8 HTTP/1.1" 400 44 "-" "PostmanRuntime/7.25.0"
::1 - - [21/Jun/2020:11:06:45 +0000] "GET /api/v1/categories HTTP/1.1" 200 1426 "-" "PostmanRuntime/7.25.0"
::1 - - [21/Jun/2020:11:07:13 +0000] "GET /api/v1/categories/5edef23eafbd3c22502e9ee8 HTTP/1.1" 400 44 "-" "PostmanRuntime/7.25.0"
::1 - - [21/Jun/2020:11:08:02 +0000] "GET /api/v1/categories/5edef23eafbd3c22502e9ee8 HTTP/1.1" 400 44 "-" "PostmanRuntime/7.25.0"
::1 - - [21/Jun/2020:11:08:21 +0000] "GET /api/v1/categories/5edef23eafbd3c22502e9ee8 HTTP/1.1" 400 44 "-" "PostmanRuntime/7.25.0"
::1 - - [21/Jun/2020:11:08:48 +0000] "GET /api/v1/categories HTTP/1.1" 200 1426 "-" "PostmanRuntime/7.25.0"
::1 - - [21/Jun/2020:11:08:54 +0000] "GET /api/v1/categories HTTP/1.1" 200 1426 "-" "PostmanRuntime/7.25.0"
::1 - - [21/Jun/2020:11:09:02 +0000] "GET /api/v1/categories/5edef23eafbd3c22502e9ee8 HTTP/1.1" 400 44 "-" "PostmanRuntime/7.25.0"
::1 - - [21/Jun/2020:11:09:15 +0000] "GET /api/v1/categories/5edef5a7ee6eb07650335635 HTTP/1.1" 400 44 "-" "PostmanRuntime/7.25.0"
::1 - - [21/Jun/2020:11:09:45 +0000] "GET /api/v1/categories/5edef5a7ee6eb07650335635/books HTTP/1.1" 200 3313 "-" "PostmanRuntime/7.25.0"
::1 - - [21/Jun/2020:11:09:56 +0000] "GET /api/v1/categories/5edef23eafbd3c22502e9ee8 HTTP/1.1" 400 44 "-" "PostmanRuntime/7.25.0"
::1 - - [21/Jun/2020:11:10:13 +0000] "GET /api/v1/categories/5edef23eafbd3c22502e9ee8 HTTP/1.1" 400 44 "-" "PostmanRuntime/7.25.0"
::1 - - [21/Jun/2020:11:11:29 +0000] "PUT /api/v1/categories/5edef21cafbd3c22502e9ee7 HTTP/1.1" 200 348 "-" "PostmanRuntime/7.25.0"
::1 - - [21/Jun/2020:11:11:35 +0000] "GET /api/v1/categories/5edef23eafbd3c22502e9ee8 HTTP/1.1" 400 44 "-" "PostmanRuntime/7.25.0"
::1 - - [21/Jun/2020:11:14:13 +0000] "GET /api/v1/categories/5edef23eafbd3c22502e9ee8 HTTP/1.1" 200 7791 "-" "PostmanRuntime/7.25.0"
::1 - - [21/Jun/2020:11:54:04 +0000] "GET /api/v1/books HTTP/1.1" 200 29011 "-" "PostmanRuntime/7.25.0"
::1 - - [21/Jun/2020:11:55:40 +0000] "GET /api/v1/books HTTP/1.1" 200 29011 "-" "PostmanRuntime/7.25.0"
::1 - - [21/Jun/2020:12:03:35 +0000] "GET /api/v1/books HTTP/1.1" 200 29011 "-" "PostmanRuntime/7.25.0"
::1 - - [21/Jun/2020:12:03:50 +0000] "GET /api/v1/books/5eeadc83364aa44aac528aa8 HTTP/1.1" 200 1789 "-" "PostmanRuntime/7.25.0"
::1 - - [21/Jun/2020:12:04:36 +0000] "GET /api/v1/books HTTP/1.1" 200 29011 "-" "PostmanRuntime/7.25.0"
::1 - - [21/Jun/2020:12:08:26 +0000] "DELETE /api/v1/books/5eeadc83364aa44aac528aab HTTP/1.1" 404 179 "-" "PostmanRuntime/7.25.0"
::1 - - [21/Jun/2020:12:08:36 +0000] "GET /api/v1/books HTTP/1.1" 200 29011 "-" "PostmanRuntime/7.25.0"
::1 - - [21/Jun/2020:12:08:57 +0000] "DELETE /api/v1/books/5eeadc83364aa44aac528aa8 HTTP/1.1" 404 179 "-" "PostmanRuntime/7.25.0"
::1 - - [21/Jun/2020:12:10:45 +0000] "DELETE /api/v1/books/5eeadc83364aa44aac528aa8 HTTP/1.1" 404 179 "-" "PostmanRuntime/7.25.0"
::1 - - [21/Jun/2020:12:11:21 +0000] "DELETE /api/v1/books/5eeadc83364aa44aac528ab2 HTTP/1.1" 404 179 "-" "PostmanRuntime/7.25.0"
::1 - - [21/Jun/2020:12:12:10 +0000] "GET /api/v1/books HTTP/1.1" 200 29011 "-" "PostmanRuntime/7.25.0"
::1 - - [21/Jun/2020:12:12:37 +0000] "DELETE /api/v1/books/5eeadc83364aa44aac528aa8 HTTP/1.1" 404 179 "-" "PostmanRuntime/7.25.0"
::1 - - [21/Jun/2020:12:13:15 +0000] "GET /api/v1/books HTTP/1.1" 200 29011 "-" "PostmanRuntime/7.25.0"
::1 - - [21/Jun/2020:12:15:19 +0000] "DELETE /api/v1/books/5eeadc83364aa44aac528aa8 HTTP/1.1" 200 1789 "-" "PostmanRuntime/7.25.0"
::1 - - [21/Jun/2020:12:15:34 +0000] "GET /api/v1/books HTTP/1.1" 200 27149 "-" "PostmanRuntime/7.25.0"
::1 - - [21/Jun/2020:12:16:10 +0000] "GET /api/v1/books/5eeadc83364aa44aac528aa8 HTTP/1.1" 404 44 "-" "PostmanRuntime/7.25.0"
::1 - - [21/Jun/2020:12:16:15 +0000] "GET /api/v1/books HTTP/1.1" 200 27149 "-" "PostmanRuntime/7.25.0"
::1 - - [21/Jun/2020:12:16:27 +0000] "GET /api/v1/books/5eeadc83364aa44aac528aa9 HTTP/1.1" 200 1872 "-" "PostmanRuntime/7.25.0"
::1 - - [30/Jun/2020:08:28:51 +0000] "GET /api/v1/books HTTP/1.1" 200 36 "-" "PostmanRuntime/7.26.1"
::1 - - [30/Jun/2020:08:30:00 +0000] "GET /api/v1/books HTTP/1.1" 200 29115 "-" "PostmanRuntime/7.26.1"
::1 - - [30/Jun/2020:08:42:02 +0000] "GET /api/v1/books/5eeadc83364aa44aac528aa9 HTTP/1.1" 404 44 "-" "PostmanRuntime/7.26.1"
::1 - - [30/Jun/2020:08:42:15 +0000] "GET /api/v1/books/5efaf7d893e5f72d9ccaafaf HTTP/1.1" 200 1789 "-" "PostmanRuntime/7.26.1"
::1 - - [30/Jun/2020:08:43:45 +0000] "PUT /api/v1/books/5efaf7d893e5f72d9ccaafaf/photo HTTP/1.1" 500 28 "-" "PostmanRuntime/7.26.1"
::1 - - [30/Jun/2020:08:46:01 +0000] "PUT /api/v1/books/5efaf7d893e5f72d9ccaafaf/photo HTTP/1.1" 200 - "-" "PostmanRuntime/7.26.1"
::1 - - [30/Jun/2020:08:46:51 +0000] "GET /api/v1/books HTTP/1.1" 200 29115 "-" "PostmanRuntime/7.26.1"
::1 - - [30/Jun/2020:08:47:05 +0000] "PUT /api/v1/books/5efaf7d893e5f72d9ccaafb0/photo HTTP/1.1" 200 - "-" "PostmanRuntime/7.26.1"
::1 - - [30/Jun/2020:08:54:23 +0000] "PUT /api/v1/books/5efaf7d893e5f72d9ccaafb0/photo HTTP/1.1" 500 28 "-" "PostmanRuntime/7.26.1"
::1 - - [30/Jun/2020:08:54:43 +0000] "PUT /api/v1/books/5efaf7d893e5f72d9ccaafb0/photo HTTP/1.1" 400 44 "-" "PostmanRuntime/7.26.1"
::1 - - [30/Jun/2020:08:54:57 +0000] "PUT /api/v1/books/5efaf7d893e5f72d9ccaafb0/photo HTTP/1.1" 400 44 "-" "PostmanRuntime/7.26.1"
::1 - - [30/Jun/2020:08:55:46 +0000] "PUT /api/v1/books/5efaf7d893e5f72d9ccaafb0/photo HTTP/1.1" 500 28 "-" "PostmanRuntime/7.26.1"
::1 - - [30/Jun/2020:08:56:34 +0000] "PUT /api/v1/books/5efaf7d893e5f72d9ccaafb0/photo HTTP/1.1" 500 28 "-" "PostmanRuntime/7.26.1"
::1 - - [30/Jun/2020:08:56:51 +0000] "GET /api/v1/books HTTP/1.1" 200 29115 "-" "PostmanRuntime/7.26.1"
::1 - - [30/Jun/2020:08:57:05 +0000] "PUT /api/v1/books/5efaf7d893e5f72d9ccaafb2/photo HTTP/1.1" 500 28 "-" "PostmanRuntime/7.26.1"
::1 - - [30/Jun/2020:09:00:32 +0000] "PUT /api/v1/books/5efaf7d893e5f72d9ccaafb2/photo HTTP/1.1" 200 - "-" "PostmanRuntime/7.26.1"
::1 - - [30/Jun/2020:09:03:58 +0000] "PUT /api/v1/books/5efaf7d893e5f72d9ccaafb2/photo HTTP/1.1" 200 - "-" "PostmanRuntime/7.26.1"
::1 - - [30/Jun/2020:09:07:23 +0000] "PUT /api/v1/books/5efaf7d893e5f72d9ccaafb2/photo HTTP/1.1" 200 - "-" "PostmanRuntime/7.26.1"
::1 - - [30/Jun/2020:09:11:14 +0000] "PUT /api/v1/books/5efaf7d893e5f72d9ccaafb2/photo HTTP/1.1" 200 60 "-" "PostmanRuntime/7.26.1"
::1 - - [30/Jun/2020:09:12:23 +0000] "GET /api/v1/books/5efaf7d893e5f72d9ccaafb2 HTTP/1.1" 200 1981 "-" "PostmanRuntime/7.26.1"
::1 - - [30/Jun/2020:09:18:08 +0000] "GET /api/v1/categories HTTP/1.1" 200 1442 "-" "PostmanRuntime/7.26.1"
::1 - - [30/Jun/2020:09:25:36 +0000] "GET /api/v1/books HTTP/1.1" 200 29138 "-" "PostmanRuntime/7.26.1"
::1 - - [30/Jun/2020:09:25:46 +0000] "GET /api/v1/categories/5edef23eafbd3c22502e9ee8 HTTP/1.1" 200 7815 "-" "PostmanRuntime/7.26.1"
::1 - - [30/Jun/2020:09:26:20 +0000] "GET /api/v1/categories/5edef23eafbd3c22502e9ee8/books HTTP/1.1" 200 7474 "-" "PostmanRuntime/7.26.1"
::1 - - [30/Jun/2020:09:48:49 +0000] "GET /api/v1/books HTTP/1.1" 200 10033 "-" "PostmanRuntime/7.26.1"
::1 - - [30/Jun/2020:09:50:08 +0000] "GET /api/v1/books HTTP/1.1" 200 10114 "-" "PostmanRuntime/7.26.1"
::1 - - [30/Jun/2020:09:51:11 +0000] "GET /api/v1/books?select=name%20price HTTP/1.1" 500 28 "-" "PostmanRuntime/7.26.1"
::1 - - [30/Jun/2020:09:52:29 +0000] "GET /api/v1/books?select=name%20price%20author HTTP/1.1" 200 1826 "-" "PostmanRuntime/7.26.1"
::1 - - [30/Jun/2020:09:53:29 +0000] "GET /api/v1/books?select=name%20price HTTP/1.1" 200 1550 "-" "PostmanRuntime/7.26.1"
::1 - - [30/Jun/2020:09:54:27 +0000] "GET /api/v1/books?select=name%20price&sort=price HTTP/1.1" 200 1879 "-" "PostmanRuntime/7.26.1"
::1 - - [30/Jun/2020:09:54:34 +0000] "GET /api/v1/books?select=name%20price&sort=-price HTTP/1.1" 200 1527 "-" "PostmanRuntime/7.26.1"
::1 - - [30/Jun/2020:09:56:24 +0000] "GET /api/v1/books?select=name%20price&sort=-price&price[$lt]=20000 HTTP/1.1" 200 1665 "-" "PostmanRuntime/7.26.1"
::1 - - [30/Jun/2020:10:01:05 +0000] "GET /api/v1/categories/5edef23eafbd3c22502e9ee8 HTTP/1.1" 200 7815 "-" "PostmanRuntime/7.26.1"
::1 - - [30/Jun/2020:10:01:16 +0000] "GET /api/v1/categories/5edef23eafbd3c22502e9ee8/books HTTP/1.1" 500 28 "-" "PostmanRuntime/7.26.1"
::1 - - [30/Jun/2020:10:02:00 +0000] "GET /api/v1/categories/5edef23eafbd3c22502e9ee8/books HTTP/1.1" 200 7555 "-" "PostmanRuntime/7.26.1"
::1 - - [30/Jun/2020:10:02:22 +0000] "GET /api/v1/categories/5edef23eafbd3c22502e9ee8/books?select=name%20price&sort=-price&price[$lt]=10000 HTTP/1.1" 200 311 "-" "PostmanRuntime/7.26.1"
::1 - - [30/Jun/2020:10:03:10 +0000] "GET /api/v1/categories/5edef23eafbd3c22502e9ee8/books HTTP/1.1" 200 7555 "-" "PostmanRuntime/7.26.1"
::1 - - [30/Jun/2020:11:22:25 +0000] "POST /api/v1/users HTTP/1.1" 404 152 "-" "PostmanRuntime/7.26.1"
::1 - - [30/Jun/2020:11:24:34 +0000] "POST /api/v1/users HTTP/1.1" 404 152 "-" "PostmanRuntime/7.26.1"
::1 - - [30/Jun/2020:11:25:23 +0000] "POST /api/v1/register HTTP/1.1" 404 155 "-" "PostmanRuntime/7.26.1"
::1 - - [30/Jun/2020:11:25:43 +0000] "POST /api/v1/users/register HTTP/1.1" 404 161 "-" "PostmanRuntime/7.26.1"
::1 - - [30/Jun/2020:11:26:46 +0000] "POST /api/v1/users HTTP/1.1" 404 152 "-" "PostmanRuntime/7.26.1"
::1 - - [30/Jun/2020:11:27:57 +0000] "POST /api/v1/users HTTP/1.1" 404 152 "-" "PostmanRuntime/7.26.1"
::1 - - [30/Jun/2020:11:29:02 +0000] "POST /api/v1/users HTTP/1.1" 404 152 "-" "PostmanRuntime/7.26.1"
::1 - - [30/Jun/2020:11:30:37 +0000] "POST /api/v1/users/ HTTP/1.1" 404 153 "-" "PostmanRuntime/7.26.1"
::1 - - [30/Jun/2020:11:35:35 +0000] "POST /api/v1/users/ HTTP/1.1" 404 153 "-" "PostmanRuntime/7.26.1"
::1 - - [30/Jun/2020:11:43:29 +0000] "POST /api/v1/users/ HTTP/1.1" 200 103 "-" "PostmanRuntime/7.26.1"
::1 - - [30/Jun/2020:11:46:38 +0000] "POST /api/v1/users/ HTTP/1.1" 200 103 "-" "PostmanRuntime/7.26.1"
::1 - - [30/Jun/2020:11:47:59 +0000] "POST /api/v1/users/ HTTP/1.1" 200 103 "-" "PostmanRuntime/7.26.1"
::1 - - [30/Jun/2020:11:49:14 +0000] "POST /api/v1/users/ HTTP/1.1" 200 104 "-" "PostmanRuntime/7.26.1"
::1 - - [30/Jun/2020:11:49:38 +0000] "POST /api/v1/users/ HTTP/1.1" 200 86 "-" "PostmanRuntime/7.26.1"
::1 - - [30/Jun/2020:11:51:34 +0000] "POST /api/v1/users/ HTTP/1.1" 500 279 "-" "PostmanRuntime/7.26.1"
::1 - - [30/Jun/2020:11:59:08 +0000] "POST /api/v1/users/ HTTP/1.1" 200 86 "-" "PostmanRuntime/7.26.1"
::1 - - [30/Jun/2020:11:59:43 +0000] "POST /api/v1/users/ HTTP/1.1" 500 260 "-" "PostmanRuntime/7.26.1"
::1 - - [30/Jun/2020:12:37:35 +0000] "POST /api/v1/users/ HTTP/1.1" 500 28 "-" "PostmanRuntime/7.26.1"
::1 - - [30/Jun/2020:12:38:04 +0000] "POST /api/v1/users/ HTTP/1.1" 500 260 "-" "PostmanRuntime/7.26.1"
::1 - - [30/Jun/2020:12:38:29 +0000] "POST /api/v1/users/ HTTP/1.1" 500 28 "-" "PostmanRuntime/7.26.1"
::1 - - [30/Jun/2020:12:39:18 +0000] "POST /api/v1/users/ HTTP/1.1" 500 261 "-" "PostmanRuntime/7.26.1"
::1 - - [30/Jun/2020:12:39:43 +0000] "POST /api/v1/users/ HTTP/1.1" 200 414 "-" "PostmanRuntime/7.26.1"
::1 - - [01/Jul/2020:01:04:35 +0000] "POST /api/v1/users/ HTTP/1.1" 500 261 "-" "PostmanRuntime/7.26.1"
::1 - - [01/Jul/2020:01:05:29 +0000] "POST /api/v1/users/login HTTP/1.1" 404 158 "-" "PostmanRuntime/7.26.1"
::1 - - [01/Jul/2020:01:18:47 +0000] "POST /api/v1/users/login HTTP/1.1" 200 416 "-" "PostmanRuntime/7.26.1"
::1 - - [01/Jul/2020:01:52:13 +0000] "POST /api/v1/users/ HTTP/1.1" 500 261 "-" "PostmanRuntime/7.26.1"
::1 - - [01/Jul/2020:01:52:48 +0000] "PUT /api/v1/books/5eeadc83364aa44aac528aa8 HTTP/1.1" 401 44 "-" "PostmanRuntime/7.26.1"
::1 - - [01/Jul/2020:01:53:18 +0000] "PUT /api/v1/books/5eeadc83364aa44aac528aa8 HTTP/1.1" 400 44 "-" "PostmanRuntime/7.26.1"
::1 - - [01/Jul/2020:01:54:09 +0000] "PUT /api/v1/books/5eeadc83364aa44aac528aa8 HTTP/1.1" 400 44 "-" "PostmanRuntime/7.26.1"
::1 - - [01/Jul/2020:01:55:52 +0000] "GET /api/v1/books/5efaf7d893e5f72d9ccaafaf HTTP/1.1" 200 1789 "-" "PostmanRuntime/7.26.1"
::1 - - [01/Jul/2020:01:56:02 +0000] "PUT /api/v1/books/5efaf7d893e5f72d9ccaafaf HTTP/1.1" 500 28 "-" "PostmanRuntime/7.26.1"
::1 - - [01/Jul/2020:01:56:33 +0000] "GET /api/v1/books/5efaf7d893e5f72d9ccaafaf HTTP/1.1" 200 809 "-" "PostmanRuntime/7.26.1"
::1 - - [01/Jul/2020:01:56:59 +0000] "PUT /api/v1/books/5efaf7d893e5f72d9ccaafaf HTTP/1.1" 500 28 "-" "PostmanRuntime/7.26.1"
::1 - - [01/Jul/2020:01:59:01 +0000] "GET /api/v1/categories HTTP/1.1" 200 1442 "-" "PostmanRuntime/7.26.1"
::1 - - [01/Jul/2020:01:59:14 +0000] "DELETE /api/v1/categories/5edeecb0fb434e6fa0f85498 HTTP/1.1" 401 44 "-" "PostmanRuntime/7.26.1"
::1 - - [01/Jul/2020:01:59:46 +0000] "POST /api/v1/users/ HTTP/1.1" 500 261 "-" "PostmanRuntime/7.26.1"
::1 - - [01/Jul/2020:02:01:41 +0000] "POST /api/v1/users/login HTTP/1.1" 200 416 "-" "PostmanRuntime/7.26.1"
::1 - - [01/Jul/2020:02:03:28 +0000] "POST /api/v1/users/login HTTP/1.1" 200 416 "-" "PostmanRuntime/7.26.1"
::1 - - [01/Jul/2020:02:03:50 +0000] "POST /api/v1/users/ HTTP/1.1" 500 261 "-" "PostmanRuntime/7.26.1"
::1 - - [01/Jul/2020:02:04:11 +0000] "POST /api/v1/users/ HTTP/1.1" 200 418 "-" "PostmanRuntime/7.26.1"
::1 - - [01/Jul/2020:02:05:47 +0000] "POST /api/v1/categories/ HTTP/1.1" 200 354 "-" "PostmanRuntime/7.26.1"
::1 - - [01/Jul/2020:02:06:35 +0000] "DELETE /api/v1/categories/5edeecb0fb434e6fa0f85498 HTTP/1.1" 200 359 "-" "PostmanRuntime/7.26.1"
::1 - - [01/Jul/2020:02:10:23 +0000] "POST /api/v1/users/ HTTP/1.1" 200 418 "-" "PostmanRuntime/7.26.1"
::1 - - [01/Jul/2020:02:10:46 +0000] "PUT /api/v1/books/5efaf7d893e5f72d9ccaafaf HTTP/1.1" 500 28 "-" "PostmanRuntime/7.26.1"
::1 - - [01/Jul/2020:02:11:48 +0000] "POST /api/v1/users/login HTTP/1.1" 400 44 "-" "PostmanRuntime/7.26.1"
::1 - - [01/Jul/2020:02:15:18 +0000] "POST /api/v1/users/login HTTP/1.1" 200 418 "-" "PostmanRuntime/7.26.1"
::1 - - [01/Jul/2020:02:15:35 +0000] "PUT /api/v1/books/5efaf7d893e5f72d9ccaafaf HTTP/1.1" 500 28 "-" "PostmanRuntime/7.26.1"
::1 - - [01/Jul/2020:02:16:20 +0000] "GET /api/v1/books HTTP/1.1" 200 9156 "-" "PostmanRuntime/7.26.1"
::1 - - [01/Jul/2020:02:16:35 +0000] "DELETE /api/v1/books/5efaf7d893e5f72d9ccaafaf HTTP/1.1" 200 812 "-" "PostmanRuntime/7.26.1"
::1 - - [01/Jul/2020:03:19:00 +0000] "POST /api/v1/users/register HTTP/1.1" 500 118 "-" "PostmanRuntime/7.26.1"
::1 - - [01/Jul/2020:03:19:21 +0000] "POST /api/v1/users/register/ HTTP/1.1" 500 118 "-" "PostmanRuntime/7.26.1"
::1 - - [01/Jul/2020:03:23:03 +0000] "POST /api/v1/users/register HTTP/1.1" 200 446 "-" "PostmanRuntime/7.26.1"
::1 - - [01/Jul/2020:03:23:22 +0000] "POST /api/v1/users/login HTTP/1.1" 200 446 "-" "PostmanRuntime/7.26.1"
::1 - - [01/Jul/2020:03:24:36 +0000] "GET /api/v1/users HTTP/1.1" 200 651 "-" "PostmanRuntime/7.26.1"
::1 - - [01/Jul/2020:03:25:41 +0000] "GET /api/v1/users/5efb328fe7c967346066afb9 HTTP/1.1" 200 160 "-" "PostmanRuntime/7.26.1"
::1 - - [01/Jul/2020:03:26:09 +0000] "PUT /api/v1/users/5efb328fe7c967346066afb9 HTTP/1.1" 404 176 "-" "PostmanRuntime/7.26.1"
::1 - - [01/Jul/2020:03:26:23 +0000] "GET /api/v1/users HTTP/1.1" 200 651 "-" "PostmanRuntime/7.26.1"
::1 - - [01/Jul/2020:03:27:22 +0000] "PUT /api/v1/users/5efb328fe7c967346066afb9 HTTP/1.1" 404 176 "-" "PostmanRuntime/7.26.1"
::1 - - [01/Jul/2020:03:28:02 +0000] "PUT /api/v1/users/5efb328fe7c967346066afb9 HTTP/1.1" 200 159 "-" "PostmanRuntime/7.26.1"
::1 - - [01/Jul/2020:03:28:39 +0000] "PUT /api/v1/users/5efb328fe7c967346066afb9 HTTP/1.1" 200 160 "-" "PostmanRuntime/7.26.1"
::1 - - [01/Jul/2020:03:28:55 +0000] "GET /api/v1/users HTTP/1.1" 200 651 "-" "PostmanRuntime/7.26.1"
::1 - - [01/Jul/2020:03:29:11 +0000] "DELETE /api/v1/users/5efbef1aecf169207cb30aa9 HTTP/1.1" 200 162 "-" "PostmanRuntime/7.26.1"
::1 - - [01/Jul/2020:03:29:50 +0000] "GET /api/v1/users/5efbef1aecf169207cb30aa9 HTTP/1.1" 400 44 "-" "PostmanRuntime/7.26.1"
::1 - - [01/Jul/2020:03:31:10 +0000] "POST /api/v1/users HTTP/1.1" 200 234 "-" "PostmanRuntime/7.26.1"
::1 - - [01/Jul/2020:03:33:16 +0000] "GET /api/v1/users HTTP/1.1" 200 649 "-" "PostmanRuntime/7.26.1"
::1 - - [01/Jul/2020:03:49:25 +0000] "GET /api/v1/users HTTP/1.1" 200 94 "-" "PostmanRuntime/7.26.1"
::1 - - [01/Jul/2020:03:52:45 +0000] "GET /api/v1/books HTTP/1.1" 200 6079 "-" "PostmanRuntime/7.26.1"
::1 - - [01/Jul/2020:04:01:11 +0000] "POST /api/v1/users/register HTTP/1.1" 200 446 "-" "PostmanRuntime/7.26.1"
::1 - - [01/Jul/2020:04:01:16 +0000] "GET /api/v1/users HTTP/1.1" 200 652 "-" "PostmanRuntime/7.26.1"
::1 - - [01/Jul/2020:04:01:38 +0000] "POST /api/v1/users/login HTTP/1.1" 200 437 "-" "PostmanRuntime/7.26.1"
::1 - - [01/Jul/2020:04:08:09 +0000] "GET /api/v1/users/5efb328fe7c967346066afb9/books HTTP/1.1" 401 44 "-" "PostmanRuntime/7.26.1"
::1 - - [01/Jul/2020:04:09:03 +0000] "POST /api/v1/users/login HTTP/1.1" 200 437 "-" "PostmanRuntime/7.26.1"
::1 - - [01/Jul/2020:04:09:33 +0000] "GET /api/v1/users/5efb328fe7c967346066afb9/books HTTP/1.1" 401 44 "-" "PostmanRuntime/7.26.1"
::1 - - [01/Jul/2020:04:09:49 +0000] "GET /api/v1/users/5efb328fe7c967346066afb9/books HTTP/1.1" 500 80 "-" "PostmanRuntime/7.26.1"
::1 - - [01/Jul/2020:04:11:19 +0000] "POST /api/v1/users/login HTTP/1.1" 200 437 "-" "PostmanRuntime/7.26.1"
::1 - - [01/Jul/2020:04:11:33 +0000] "GET /api/v1/users/5efb328fe7c967346066afb9/books HTTP/1.1" 200 6079 "-" "PostmanRuntime/7.26.1"
::1 - - [01/Jul/2020:04:11:51 +0000] "GET /api/v1/users HTTP/1.1" 200 652 "-" "PostmanRuntime/7.26.1"
::1 - - [01/Jul/2020:04:12:13 +0000] "POST /api/v1/users/login HTTP/1.1" 200 434 "-" "PostmanRuntime/7.26.1"
::1 - - [01/Jul/2020:04:12:21 +0000] "GET /api/v1/users/5efc0197a56bd431746aa391/books HTTP/1.1" 200 117 "-" "PostmanRuntime/7.26.1"
::1 - - [01/Jul/2020:04:16:45 +0000] "POST /api/v1/users/login HTTP/1.1" 200 437 "-" "PostmanRuntime/7.26.1"
::1 - - [01/Jul/2020:04:16:52 +0000] "GET /api/v1/users HTTP/1.1" 403 44 "-" "PostmanRuntime/7.26.1"
::1 - - [01/Jul/2020:04:17:00 +0000] "GET /api/v1/users HTTP/1.1" 403 44 "-" "PostmanRuntime/7.26.1"
::1 - - [01/Jul/2020:04:17:10 +0000] "POST /api/v1/users/login HTTP/1.1" 200 437 "-" "PostmanRuntime/7.26.1"
::1 - - [01/Jul/2020:04:17:17 +0000] "GET /api/v1/users HTTP/1.1" 403 44 "-" "PostmanRuntime/7.26.1"
::1 - - [01/Jul/2020:04:17:34 +0000] "POST /api/v1/users/login HTTP/1.1" 200 437 "-" "PostmanRuntime/7.26.1"
::1 - - [01/Jul/2020:04:17:49 +0000] "GET /api/v1/users HTTP/1.1" 403 44 "-" "PostmanRuntime/7.26.1"
::1 - - [01/Jul/2020:04:18:50 +0000] "POST /api/v1/users/login HTTP/1.1" 200 437 "-" "PostmanRuntime/7.26.1"
::1 - - [01/Jul/2020:04:18:57 +0000] "GET /api/v1/users HTTP/1.1" 403 44 "-" "PostmanRuntime/7.26.1"
::1 - - [01/Jul/2020:04:21:07 +0000] "GET /api/v1/users/5efb328fe7c967346066afb9/books HTTP/1.1" 500 80 "-" "PostmanRuntime/7.26.1"
::1 - - [01/Jul/2020:04:21:16 +0000] "POST /api/v1/users/login HTTP/1.1" 200 437 "-" "PostmanRuntime/7.26.1"
::1 - - [01/Jul/2020:04:21:23 +0000] "GET /api/v1/users HTTP/1.1" 403 44 "-" "PostmanRuntime/7.26.1"
::1 - - [01/Jul/2020:04:21:49 +0000] "POST /api/v1/users/login HTTP/1.1" 200 437 "-" "PostmanRuntime/7.26.1"
::1 - - [01/Jul/2020:04:40:18 +0000] "GET /api/v1/books HTTP/1.1" 200 6079 "-" "PostmanRuntime/7.26.1"
::1 - - [01/Jul/2020:06:28:00 +0000] "POST /api/v1/users/forget-password HTTP/1.1" 404 168 "-" "PostmanRuntime/7.26.1"
::1 - - [01/Jul/2020:06:31:48 +0000] "POST /api/v1/users/forgot-password HTTP/1.1" 400 44 "-" "PostmanRuntime/7.26.1"
::1 - - [01/Jul/2020:06:31:59 +0000] "GET /api/v1/users HTTP/1.1" 403 44 "-" "PostmanRuntime/7.26.1"
::1 - - [01/Jul/2020:06:32:11 +0000] "POST /api/v1/users/login HTTP/1.1" 200 437 "-" "PostmanRuntime/7.26.1"
::1 - - [01/Jul/2020:06:32:24 +0000] "GET /api/v1/users HTTP/1.1" 403 44 "-" "PostmanRuntime/7.26.1"
::1 - - [01/Jul/2020:06:34:09 +0000] "GET /api/v1/users HTTP/1.1" 403 44 "-" "PostmanRuntime/7.26.1"
::1 - - [01/Jul/2020:06:34:19 +0000] "POST /api/v1/users/login HTTP/1.1" 200 437 "-" "PostmanRuntime/7.26.1"
::1 - - [01/Jul/2020:06:34:30 +0000] "GET /api/v1/users HTTP/1.1" 403 44 "-" "PostmanRuntime/7.26.1"
::1 - - [01/Jul/2020:07:00:03 +0000] "GET /books HTTP/1.1" 404 144 "-" "Mozilla/5.0 (Windows NT 10.0; WOW64) AppleWebKit/537.36 (KHTML, like Gecko) Chrome/83.0.4103.116 Safari/537.36"
::1 - - [01/Jul/2020:07:00:04 +0000] "GET /books HTTP/1.1" 404 144 "-" "Mozilla/5.0 (Windows NT 10.0; WOW64) AppleWebKit/537.36 (KHTML, like Gecko) Chrome/83.0.4103.116 Safari/537.36"
::1 - - [01/Jul/2020:07:00:22 +0000] "GET /api/v1/books HTTP/1.1" 200 6079 "-" "Mozilla/5.0 (Windows NT 10.0; WOW64) AppleWebKit/537.36 (KHTML, like Gecko) Chrome/83.0.4103.116 Safari/537.36"
::1 - - [01/Jul/2020:07:00:23 +0000] "GET /favicon.ico HTTP/1.1" 404 150 "http://localhost:5000/api/v1/books" "Mozilla/5.0 (Windows NT 10.0; WOW64) AppleWebKit/537.36 (KHTML, like Gecko) Chrome/83.0.4103.116 Safari/537.36"
::1 - - [01/Jul/2020:07:00:24 +0000] "GET /api/v1/books HTTP/1.1" 304 - "-" "Mozilla/5.0 (Windows NT 10.0; WOW64) AppleWebKit/537.36 (KHTML, like Gecko) Chrome/83.0.4103.116 Safari/537.36"
::1 - - [01/Jul/2020:07:29:52 +0000] "GET /api/v1/login HTTP/1.1" 404 151 "-" "Mozilla/5.0 (Windows NT 10.0; WOW64) AppleWebKit/537.36 (KHTML, like Gecko) Chrome/83.0.4103.116 Safari/537.36"
::1 - - [01/Jul/2020:07:29:53 +0000] "GET /api/v1/login HTTP/1.1" 404 151 "-" "Mozilla/5.0 (Windows NT 10.0; WOW64) AppleWebKit/537.36 (KHTML, like Gecko) Chrome/83.0.4103.116 Safari/537.36"
::1 - - [01/Jul/2020:07:29:59 +0000] "GET /api/v1/login HTTP/1.1" 404 151 "-" "Mozilla/5.0 (Windows NT 10.0; WOW64) AppleWebKit/537.36 (KHTML, like Gecko) Chrome/83.0.4103.116 Safari/537.36"
::1 - - [01/Jul/2020:07:29:59 +0000] "GET /api/v1/login HTTP/1.1" 404 151 "-" "Mozilla/5.0 (Windows NT 10.0; WOW64) AppleWebKit/537.36 (KHTML, like Gecko) Chrome/83.0.4103.116 Safari/537.36"
::1 - - [01/Jul/2020:07:30:14 +0000] "GET /api/v1/users/login HTTP/1.1" 403 44 "-" "Mozilla/5.0 (Windows NT 10.0; WOW64) AppleWebKit/537.36 (KHTML, like Gecko) Chrome/83.0.4103.116 Safari/537.36"
::1 - - [01/Jul/2020:07:30:15 +0000] "GET /api/v1/users/login HTTP/1.1" 403 44 "-" "Mozilla/5.0 (Windows NT 10.0; WOW64) AppleWebKit/537.36 (KHTML, like Gecko) Chrome/83.0.4103.116 Safari/537.36"
::1 - - [01/Jul/2020:07:33:07 +0000] "POST /api/v1/users/login HTTP/1.1" 401 44 "http://localhost:3000/" "Mozilla/5.0 (Linux; Android 6.0; Nexus 5 Build/MRA58N) AppleWebKit/537.36 (KHTML, like Gecko) Chrome/83.0.4103.116 Mobile Safari/537.36"
::1 - - [01/Jul/2020:07:34:08 +0000] "POST /api/v1/users/login HTTP/1.1" 200 437 "http://localhost:3000/" "Mozilla/5.0 (Windows NT 10.0; WOW64) AppleWebKit/537.36 (KHTML, like Gecko) Chrome/83.0.4103.116 Safari/537.36"
::1 - - [01/Jul/2020:07:37:53 +0000] "POST /api/v1/users/login HTTP/1.1" 400 44 "http://localhost:3000/" "Mozilla/5.0 (Linux; Android 6.0; Nexus 5 Build/MRA58N) AppleWebKit/537.36 (KHTML, like Gecko) Chrome/83.0.4103.116 Mobile Safari/537.36"
::1 - - [01/Jul/2020:07:37:53 +0000] "POST /api/v1/users/login HTTP/1.1" 400 44 "http://localhost:3000/" "Mozilla/5.0 (Linux; Android 6.0; Nexus 5 Build/MRA58N) AppleWebKit/537.36 (KHTML, like Gecko) Chrome/83.0.4103.116 Mobile Safari/537.36"
::1 - - [01/Jul/2020:07:37:57 +0000] "POST /api/v1/users/login HTTP/1.1" 401 44 "http://localhost:3000/" "Mozilla/5.0 (Linux; Android 6.0; Nexus 5 Build/MRA58N) AppleWebKit/537.36 (KHTML, like Gecko) Chrome/83.0.4103.116 Mobile Safari/537.36"
::1 - - [01/Jul/2020:07:38:20 +0000] "POST /api/v1/users/login HTTP/1.1" 401 44 "http://localhost:3000/" "Mozilla/5.0 (Linux; Android 6.0; Nexus 5 Build/MRA58N) AppleWebKit/537.36 (KHTML, like Gecko) Chrome/83.0.4103.116 Mobile Safari/537.36"
::1 - - [01/Jul/2020:07:42:47 +0000] "POST /api/v1/users/login HTTP/1.1" 401 44 "http://localhost:3000/" "Mozilla/5.0 (Linux; Android 6.0; Nexus 5 Build/MRA58N) AppleWebKit/537.36 (KHTML, like Gecko) Chrome/83.0.4103.116 Mobile Safari/537.36"
::1 - - [01/Jul/2020:07:46:09 +0000] "POST /api/v1/users/login HTTP/1.1" 401 44 "http://localhost:3000/" "Mozilla/5.0 (Linux; Android 6.0; Nexus 5 Build/MRA58N) AppleWebKit/537.36 (KHTML, like Gecko) Chrome/83.0.4103.116 Mobile Safari/537.36"
::1 - - [01/Jul/2020:07:49:21 +0000] "POST /api/v1/users/login HTTP/1.1" 200 437 "http://localhost:3000/" "Mozilla/5.0 (Linux; Android 6.0; Nexus 5 Build/MRA58N) AppleWebKit/537.36 (KHTML, like Gecko) Chrome/83.0.4103.116 Mobile Safari/537.36"
::1 - - [01/Jul/2020:07:53:32 +0000] "POST /api/v1/users/login HTTP/1.1" 200 437 "http://localhost:3000/" "Mozilla/5.0 (Linux; Android 6.0; Nexus 5 Build/MRA58N) AppleWebKit/537.36 (KHTML, like Gecko) Chrome/83.0.4103.116 Mobile Safari/537.36"
::1 - - [01/Jul/2020:07:58:26 +0000] "POST /api/v1/users/login HTTP/1.1" 200 437 "http://localhost:3000/" "Mozilla/5.0 (Linux; Android 6.0; Nexus 5 Build/MRA58N) AppleWebKit/537.36 (KHTML, like Gecko) Chrome/83.0.4103.116 Mobile Safari/537.36"
::1 - - [01/Jul/2020:08:03:05 +0000] "GET /api/v1/books HTTP/1.1" 304 - "http://localhost:3000/books" "Mozilla/5.0 (Linux; Android 6.0; Nexus 5 Build/MRA58N) AppleWebKit/537.36 (KHTML, like Gecko) Chrome/83.0.4103.116 Mobile Safari/537.36"
::1 - - [01/Jul/2020:08:03:57 +0000] "GET /api/v1/books HTTP/1.1" 304 - "http://localhost:3000/books" "Mozilla/5.0 (Linux; Android 6.0; Nexus 5 Build/MRA58N) AppleWebKit/537.36 (KHTML, like Gecko) Chrome/83.0.4103.116 Mobile Safari/537.36"
::1 - - [01/Jul/2020:08:04:11 +0000] "GET /api/v1/books HTTP/1.1" 304 - "http://localhost:3000/books" "Mozilla/5.0 (Linux; Android 6.0; Nexus 5 Build/MRA58N) AppleWebKit/537.36 (KHTML, like Gecko) Chrome/83.0.4103.116 Mobile Safari/537.36"
::1 - - [01/Jul/2020:08:04:51 +0000] "GET /api/v1/books HTTP/1.1" 304 - "http://localhost:3000/books" "Mozilla/5.0 (Linux; Android 6.0; Nexus 5 Build/MRA58N) AppleWebKit/537.36 (KHTML, like Gecko) Chrome/83.0.4103.116 Mobile Safari/537.36"
::1 - - [01/Jul/2020:08:05:45 +0000] "GET /api/v1/books HTTP/1.1" 304 - "http://localhost:3000/books" "Mozilla/5.0 (Linux; Android 6.0; Nexus 5 Build/MRA58N) AppleWebKit/537.36 (KHTML, like Gecko) Chrome/83.0.4103.116 Mobile Safari/537.36"
::1 - - [01/Jul/2020:08:05:54 +0000] "GET /api/v1/books HTTP/1.1" 304 - "http://localhost:3000/books" "Mozilla/5.0 (Linux; Android 6.0; Nexus 5 Build/MRA58N) AppleWebKit/537.36 (KHTML, like Gecko) Chrome/83.0.4103.116 Mobile Safari/537.36"
::1 - - [01/Jul/2020:08:06:10 +0000] "GET /api/v1/books HTTP/1.1" 304 - "http://localhost:3000/books" "Mozilla/5.0 (Linux; Android 6.0; Nexus 5 Build/MRA58N) AppleWebKit/537.36 (KHTML, like Gecko) Chrome/83.0.4103.116 Mobile Safari/537.36"
::1 - - [01/Jul/2020:08:07:10 +0000] "GET /api/v1/books HTTP/1.1" 304 - "http://localhost:3000/books" "Mozilla/5.0 (Linux; Android 6.0; Nexus 5 Build/MRA58N) AppleWebKit/537.36 (KHTML, like Gecko) Chrome/83.0.4103.116 Mobile Safari/537.36"
::1 - - [01/Jul/2020:08:07:48 +0000] "GET /api/v1/books HTTP/1.1" 304 - "http://localhost:3000/books" "Mozilla/5.0 (Linux; Android 6.0; Nexus 5 Build/MRA58N) AppleWebKit/537.36 (KHTML, like Gecko) Chrome/83.0.4103.116 Mobile Safari/537.36"
::1 - - [01/Jul/2020:08:08:19 +0000] "GET /api/v1/books?limit=50 HTTP/1.1" 200 21509 "http://localhost:3000/books" "Mozilla/5.0 (Linux; Android 6.0; Nexus 5 Build/MRA58N) AppleWebKit/537.36 (KHTML, like Gecko) Chrome/83.0.4103.116 Mobile Safari/537.36"
::1 - - [01/Jul/2020:08:11:34 +0000] "GET /api/v1/books?limit=50 HTTP/1.1" 304 - "http://localhost:3000/books" "Mozilla/5.0 (Linux; Android 6.0; Nexus 5 Build/MRA58N) AppleWebKit/537.36 (KHTML, like Gecko) Chrome/83.0.4103.116 Mobile Safari/537.36"
::1 - - [01/Jul/2020:08:12:05 +0000] "GET /api/v1/books?limit=50 HTTP/1.1" 304 - "http://localhost:3000/books" "Mozilla/5.0 (Linux; Android 6.0; Nexus 5 Build/MRA58N) AppleWebKit/537.36 (KHTML, like Gecko) Chrome/83.0.4103.116 Mobile Safari/537.36"
::1 - - [01/Jul/2020:08:13:42 +0000] "GET /api/v1/books?limit=50 HTTP/1.1" 304 - "http://localhost:3000/books" "Mozilla/5.0 (Windows NT 10.0; WOW64) AppleWebKit/537.36 (KHTML, like Gecko) Chrome/83.0.4103.116 Safari/537.36"
::1 - - [01/Jul/2020:08:14:19 +0000] "GET /api/v1/books?limit=50 HTTP/1.1" 304 - "http://localhost:3000/books" "Mozilla/5.0 (Windows NT 10.0; WOW64) AppleWebKit/537.36 (KHTML, like Gecko) Chrome/83.0.4103.116 Safari/537.36"
::1 - - [01/Jul/2020:08:15:36 +0000] "GET /api/v1/books?limit=50 HTTP/1.1" 304 - "http://localhost:3000/books" "Mozilla/5.0 (Windows NT 10.0; WOW64) AppleWebKit/537.36 (KHTML, like Gecko) Chrome/83.0.4103.116 Safari/537.36"
::1 - - [01/Jul/2020:08:15:47 +0000] "GET /api/v1/books?limit=50 HTTP/1.1" 304 - "http://localhost:3000/books" "Mozilla/5.0 (Windows NT 10.0; WOW64) AppleWebKit/537.36 (KHTML, like Gecko) Chrome/83.0.4103.116 Safari/537.36"
::1 - - [01/Jul/2020:08:15:49 +0000] "GET /api/v1/books?limit=50 HTTP/1.1" 304 - "http://localhost:3000/books" "Mozilla/5.0 (Windows NT 10.0; WOW64) AppleWebKit/537.36 (KHTML, like Gecko) Chrome/83.0.4103.116 Safari/537.36"
::1 - - [01/Jul/2020:08:16:00 +0000] "GET /api/v1/books?limit=50 HTTP/1.1" 304 - "http://localhost:3000/books" "Mozilla/5.0 (Windows NT 10.0; WOW64) AppleWebKit/537.36 (KHTML, like Gecko) Chrome/83.0.4103.116 Safari/537.36"
::1 - - [01/Jul/2020:08:18:35 +0000] "GET /api/v1/books?limit=50 HTTP/1.1" 304 - "http://localhost:3000/books" "Mozilla/5.0 (Windows NT 10.0; WOW64) AppleWebKit/537.36 (KHTML, like Gecko) Chrome/83.0.4103.116 Safari/537.36"
::1 - - [01/Jul/2020:08:19:10 +0000] "GET /api/v1/books?limit=50 HTTP/1.1" 304 - "http://localhost:3000/books" "Mozilla/5.0 (Windows NT 10.0; WOW64) AppleWebKit/537.36 (KHTML, like Gecko) Chrome/83.0.4103.116 Safari/537.36"
::1 - - [01/Jul/2020:08:19:31 +0000] "GET /api/v1/books?limit=50 HTTP/1.1" 304 - "http://localhost:3000/books" "Mozilla/5.0 (Windows NT 10.0; WOW64) AppleWebKit/537.36 (KHTML, like Gecko) Chrome/83.0.4103.116 Safari/537.36"
::1 - - [01/Jul/2020:08:20:05 +0000] "GET /api/v1/books?limit=50 HTTP/1.1" 304 - "http://localhost:3000/books" "Mozilla/5.0 (Windows NT 10.0; WOW64) AppleWebKit/537.36 (KHTML, like Gecko) Chrome/83.0.4103.116 Safari/537.36"
::1 - - [01/Jul/2020:08:20:17 +0000] "GET /api/v1/books?limit=50 HTTP/1.1" 304 - "http://localhost:3000/books" "Mozilla/5.0 (Windows NT 10.0; WOW64) AppleWebKit/537.36 (KHTML, like Gecko) Chrome/83.0.4103.116 Safari/537.36"
::1 - - [01/Jul/2020:08:20:50 +0000] "GET /api/v1/books?limit=50 HTTP/1.1" 304 - "http://localhost:3000/books" "Mozilla/5.0 (Windows NT 10.0; WOW64) AppleWebKit/537.36 (KHTML, like Gecko) Chrome/83.0.4103.116 Safari/537.36"
::1 - - [01/Jul/2020:08:21:48 +0000] "GET /api/v1/books?limit=50 HTTP/1.1" 304 - "http://localhost:3000/books" "Mozilla/5.0 (Windows NT 10.0; WOW64) AppleWebKit/537.36 (KHTML, like Gecko) Chrome/83.0.4103.116 Safari/537.36"
::1 - - [01/Jul/2020:08:21:55 +0000] "GET /api/v1/books?limit=50 HTTP/1.1" 304 - "http://localhost:3000/books" "Mozilla/5.0 (Windows NT 10.0; WOW64) AppleWebKit/537.36 (KHTML, like Gecko) Chrome/83.0.4103.116 Safari/537.36"
::1 - - [01/Jul/2020:08:23:10 +0000] "GET /api/v1/books?limit=50 HTTP/1.1" 304 - "http://localhost:3000/books" "Mozilla/5.0 (Windows NT 10.0; WOW64) AppleWebKit/537.36 (KHTML, like Gecko) Chrome/83.0.4103.116 Safari/537.36"
::1 - - [01/Jul/2020:08:23:15 +0000] "GET /api/v1/books?limit=50 HTTP/1.1" 304 - "http://localhost:3000/books" "Mozilla/5.0 (Windows NT 10.0; WOW64) AppleWebKit/537.36 (KHTML, like Gecko) Chrome/83.0.4103.116 Safari/537.36"
::1 - - [01/Jul/2020:08:25:23 +0000] "GET /api/v1/books?limit=50 HTTP/1.1" 304 - "http://localhost:3000/books" "Mozilla/5.0 (Windows NT 10.0; WOW64) AppleWebKit/537.36 (KHTML, like Gecko) Chrome/83.0.4103.116 Safari/537.36"
::1 - - [01/Jul/2020:08:25:47 +0000] "GET /api/v1/books?limit=50 HTTP/1.1" 304 - "http://localhost:3000/books" "Mozilla/5.0 (Windows NT 10.0; WOW64) AppleWebKit/537.36 (KHTML, like Gecko) Chrome/83.0.4103.116 Safari/537.36"
::1 - - [01/Jul/2020:08:26:01 +0000] "GET /api/v1/books?limit=50 HTTP/1.1" 304 - "http://localhost:3000/books" "Mozilla/5.0 (Windows NT 10.0; WOW64) AppleWebKit/537.36 (KHTML, like Gecko) Chrome/83.0.4103.116 Safari/537.36"
::1 - - [01/Jul/2020:08:26:10 +0000] "POST /api/v1/users/login HTTP/1.1" 400 44 "http://localhost:3000/" "Mozilla/5.0 (Windows NT 10.0; WOW64) AppleWebKit/537.36 (KHTML, like Gecko) Chrome/83.0.4103.116 Safari/537.36"
::1 - - [01/Jul/2020:08:26:17 +0000] "GET /api/v1/books?limit=50 HTTP/1.1" 304 - "http://localhost:3000/books" "Mozilla/5.0 (Windows NT 10.0; WOW64) AppleWebKit/537.36 (KHTML, like Gecko) Chrome/83.0.4103.116 Safari/537.36"
::1 - - [01/Jul/2020:08:26:35 +0000] "POST /api/v1/users/login HTTP/1.1" 200 437 "http://localhost:3000/" "Mozilla/5.0 (Windows NT 10.0; WOW64) AppleWebKit/537.36 (KHTML, like Gecko) Chrome/83.0.4103.116 Safari/537.36"
::1 - - [01/Jul/2020:08:26:35 +0000] "GET /api/v1/books?limit=50 HTTP/1.1" 304 - "http://localhost:3000/books" "Mozilla/5.0 (Windows NT 10.0; WOW64) AppleWebKit/537.36 (KHTML, like Gecko) Chrome/83.0.4103.116 Safari/537.36"
::1 - - [01/Jul/2020:08:27:08 +0000] "GET /api/v1/books?limit=50 HTTP/1.1" 304 - "http://localhost:3000/books" "Mozilla/5.0 (Windows NT 10.0; WOW64) AppleWebKit/537.36 (KHTML, like Gecko) Chrome/83.0.4103.116 Safari/537.36"
